<?xml version="1.0" encoding="UTF-8"?>
<testsuite xmlns:xsi="http://www.w3.org/2001/XMLSchema-instance" xsi:noNamespaceSchemaLocation="https://maven.apache.org/surefire/maven-surefire-plugin/xsd/surefire-test-report-3.0.xsd" version="3.0" name="com.crawler.tests.DynamicCrawlTest" time="132.045" tests="1" errors="0" skipped="0" failures="0">
  <properties>
[...]
</properties>
  <testcase name="crawlAndInteract" classname="com.crawler.tests.DynamicCrawlTest" time="128.609">
    <system-out><![CDATA[Detected 24 links.
Interacting with: qux ()
Interacting with: bar ()
Interacting with: qux ()
Interacting with: edit (https://the-internet.herokuapp.com/challenging_dom#edit)
Interacting with: delete (https://the-internet.herokuapp.com/challenging_dom#delete)
Interacting with: edit (https://the-internet.herokuapp.com/challenging_dom#edit)
Interacting with: delete (https://the-internet.herokuapp.com/challenging_dom#delete)
Interacting with: edit (https://the-internet.herokuapp.com/challenging_dom#edit)
Interacting with: delete (https://the-internet.herokuapp.com/challenging_dom#delete)
Interacting with: edit (https://the-internet.herokuapp.com/challenging_dom#edit)
Interacting with: delete (https://the-internet.herokuapp.com/challenging_dom#delete)
Interacting with: edit (https://the-internet.herokuapp.com/challenging_dom#edit)
Interacting with: delete (https://the-internet.herokuapp.com/challenging_dom#delete)
Interacting with: edit (https://the-internet.herokuapp.com/challenging_dom#edit)
Interacting with: delete (https://the-internet.herokuapp.com/challenging_dom#delete)
Interacting with: edit (https://the-internet.herokuapp.com/challenging_dom#edit)
Interacting with: delete (https://the-internet.herokuapp.com/challenging_dom#delete)
Interacting with: edit (https://the-internet.herokuapp.com/challenging_dom#edit)
Interacting with: delete (https://the-internet.herokuapp.com/challenging_dom#delete)
Interacting with: edit (https://the-internet.herokuapp.com/challenging_dom#edit)
Interacting with: delete (https://the-internet.herokuapp.com/challenging_dom#delete)
Interacting with: edit (https://the-internet.herokuapp.com/challenging_dom#edit)
Interacting with: delete (https://the-internet.herokuapp.com/challenging_dom#delete)
Interacting with: Elemental Selenium (http://elementalselenium.com/)
]]></system-out>
    <system-err><![CDATA[SLF4J: Failed to load class "org.slf4j.impl.StaticLoggerBinder".
SLF4J: Defaulting to no-operation (NOP) logger implementation
SLF4J: See http://www.slf4j.org/codes.html#StaticLoggerBinder for further details.
dez. 07, 2025 3:55:04 DA TARDE org.openqa.selenium.devtools.CdpVersionFinder findNearestMatch
WARNING: Unable to find CDP implementation matching 143
dez. 07, 2025 3:55:04 DA TARDE org.openqa.selenium.chromium.ChromiumDriver lambda$new$5
WARNING: Unable to find version of CDP to use for 143.0.7499.40. You may need to include a dependency on a specific version of the CDP using something similar to `org.seleniumhq.selenium:selenium-devtools-v86:4.16.1` where the version ("v86") matches the version of the chromium-based browser you're using and the version number of the artifact is the same as Selenium's.
]]></system-err>
  </testcase>
</testsuite>